<?xml version="1.0" encoding="UTF-8"?>
<!-- Generated by org.testng.reporters.JUnitReportReporter -->
<testsuite hostname="DESKTOP-3II2TUU" failures="0" tests="2" name="org.code.C" time="0.018" errors="0" timestamp="09 Mar 2023 06:03:01 GMT" skipped="0">
  <testcase classname="org.code.C" name="tc3" time="0.009"/>
  <testcase classname="org.code.C" name="tc1" time="0.009"/>
</testsuite> <!-- org.code.C -->
