<?xml version="1.0" encoding="UTF-8"?>
<!-- Generated by org.testng.reporters.JUnitReportReporter -->
<testsuite hostname="DESKTOP-3II2TUU" failures="0" tests="1" name="org.code.B" time="0.006" errors="0" timestamp="09 Mar 2023 06:03:01 GMT" skipped="0">
  <testcase classname="org.code.B" name="tb1" time="0.006"/>
</testsuite> <!-- org.code.B -->
