<?xml version="1.0" encoding="UTF-8"?>
<!-- Generated by org.testng.reporters.JUnitReportReporter -->
<testsuite hostname="DESKTOP-3II2TUU" failures="0" tests="2" name="org.code.A" time="0.026" errors="0" timestamp="09 Mar 2023 06:03:01 GMT" skipped="0">
  <testcase classname="org.code.A" name="ta1" time="0.018"/>
  <testcase classname="org.code.A" name="ta3" time="0.008"/>
</testsuite> <!-- org.code.A -->
